  InputSetScene.cpp
  ResultScene.cpp
  DialogScene.cpp
  GameScene.cpp
  ResourceManager.cpp
D:\Users\2016008\Desktop\04-\sample\sample\Common\ResourceManager.cpp(50,24): warning C4244: '引数': 'T' から 'const unsigned __int64' への変換です。データが失われる可能性があります。
          with
          [
              T=float
          ]
  OptionScene.cpp
  PauseScene.cpp
  BaseScene.cpp
D:\Users\2016008\Desktop\04-\sample\sample\SceneManager.h(77,2): error C2146: 構文エラー: ';' が、識別子 'Controller' の前に必要です。
D:\Users\2016008\Desktop\04-\sample\sample\Scene\BaseScene.cpp(17): message : コンパイルされている変数テンプレート 'const Vector2Tmp<float> SceneManager::screenSize_<float>' のリファレンスをご参照ください
D:\Users\2016008\Desktop\04-\sample\sample\SceneManager.h(77,2): error C2061: 構文エラー: 識別子 'Controller'
D:\Users\2016008\Desktop\04-\sample\sample\SceneManager.h(77,1): error C3376: 'SceneManager::screenSize_': 静的データ メンバー テンプレートのみが使用できます
D:\Users\2016008\Desktop\04-\sample\sample\SceneManager.h(77,12): error C2059: 構文エラー: '&'
D:\Users\2016008\Desktop\04-\sample\sample\Scene\BaseScene.cpp(17,113): error C2059: 構文エラー: '<end Parse>'
D:\Users\2016008\Desktop\04-\sample\sample\Scene\BaseScene.cpp(17,120): error C2059: 構文エラー: ')'
  main.cpp
D:\Users\2016008\Desktop\04-\sample\sample\main.cpp(4,12): error C2731: 'WinMain': 関数はオーバーロードできません。
D:\Users\2016008\Desktop\04-\sample\sample\main.cpp(4): message : 'WinMain' の宣言を確認してください
  SceneManager.cpp
D:\Users\2016008\Desktop\04-\sample\sample\SceneManager.h(77,2): error C2146: 構文エラー: ';' が、識別子 'Controller' の前に必要です。
D:\Users\2016008\Desktop\04-\sample\sample\SceneManager.cpp(93): message : コンパイルされている変数テンプレート 'const Vector2Tmp<float> SceneManager::screenSize_<float>' のリファレンスをご参照ください
D:\Users\2016008\Desktop\04-\sample\sample\SceneManager.h(77,2): error C2061: 構文エラー: 識別子 'Controller'
D:\Users\2016008\Desktop\04-\sample\sample\SceneManager.h(77,1): error C3376: 'SceneManager::screenSize_': 静的データ メンバー テンプレートのみが使用できます
D:\Users\2016008\Desktop\04-\sample\sample\SceneManager.h(77): error C2062: 型 'unknown-type' は不要です。
D:\Users\2016008\Desktop\04-\sample\sample\SceneManager.cpp(93,96): error C2059: 構文エラー: '<end Parse>'
D:\Users\2016008\Desktop\04-\sample\sample\SceneManager.cpp(93,103): error C2059: 構文エラー: ')'
D:\Users\2016008\Desktop\04-\sample\sample\SceneManager.h(77): error C2144: 構文エラー: 'unknown-type' は ')' によって先行されなければなりません。
D:\Users\2016008\Desktop\04-\sample\sample\SceneManager.cpp(118,2): error C2660: 'DxLib::SetGraphMode': 関数に 0 個の引数を指定できません。
C:\DxLib\DxLib.h(3136,15): message : 'DxLib::SetGraphMode' の宣言を確認してください
D:\Users\2016008\Desktop\04-\sample\sample\SceneManager.h(77): error C2144: 構文エラー: 'unknown-type' は ';' によって先行されなければなりません。
D:\Users\2016008\Desktop\04-\sample\sample\SceneManager.cpp(118,30): error C2059: 構文エラー: '<end Parse>'
D:\Users\2016008\Desktop\04-\sample\sample\SceneManager.cpp(118,57): error C2059: 構文エラー: ')'
  Shared.cpp
  SelectScene.cpp
  TitleScene.cpp
  UiManager.cpp
  WindowScene.cpp
  コードを生成中...
D:\Users\2016008\Desktop\04-\sample\sample\Common\Shared.cpp(27): error C4716: 'SharedHandle::operator=': 値を返さなければいけません
D:\Users\2016008\Desktop\04-\sample\sample\Common\Shared.cpp(60): error C4716: 'SharedRenderTargetHandle::operator=': 値を返さなければいけません
D:\Users\2016008\Desktop\04-\sample\sample\Common\Shared.cpp(115): error C4716: 'SharedShaderHandle::operator=': 値を返さなければいけません
D:\Users\2016008\Desktop\04-\sample\sample\Common\Shared.cpp(124): error C4716: 'SharedModelHandle::operator=': 値を返さなければいけません
D:\Users\2016008\Desktop\04-\sample\sample\Common\Shared.cpp(158): error C4716: 'SharedDivGraphicHandle::operator=': 値を返さなければいけません
D:\Users\2016008\Desktop\04-\sample\sample\Common\Shared.cpp(184): error C4716: 'SharedGraphicHandle::operator=': 値を返さなければいけません
D:\Users\2016008\Desktop\04-\sample\sample\Common\Shared.cpp(193): error C4716: 'SharedSoundHandle::operator=': 値を返さなければいけません
